## Deploy the missioin system
* Go in service 2 with root.
* Entry to screen `screen -r api-backend`
* And end current process
```
./vendor/bin/sail down
git branch # show main
git pull -v --progress
git log #  (HEAD -> main, origin/main, origin/HEAD)
./vendor/bin/sail up -d
./vendor/bin/sail composer install
```
* Show logs
```
Installing dependencies from lock file (including require-dev)
Verifying lock file contents can be installed on current platform.
Nothing to install, update or remove
Generating optimized autoload files
> Illuminate\Foundation\ComposerScripts::postAutoloadDump
> @php artisan package:discover --ansi
Discovered Package: barryvdh/laravel-cors
Discovered Package: laravel/sail
Discovered Package: laravel/sanctum
Discovered Package: laravel/tinker
Discovered Package: nesbot/carbon
Discovered Package: nunomaduro/collision
Discovered Package: spatie/laravel-ignition
Package manifest generated successfully.
80 packages you are using are looking for funding.
Use the `composer fund` command to find out more!
```
* Run migrate of db `./vendor/bin/sail artisan migrate` and then check database schema.

## For test api
* `https://api.atocha.io/atocha/login`
